<?xml version="1.0" encoding="UTF-8"?>
<testng-results skipped="0" failed="0" ignored="0" total="1" passed="1">
  <reporter-output>
  </reporter-output>
  <suite name="Default suite" duration-ms="2240" started-at="2020-01-24T17:36:54 EST" finished-at="2020-01-24T17:36:56 EST">
    <groups>
    </groups>
    <test name="Default test" duration-ms="2240" started-at="2020-01-24T17:36:54 EST" finished-at="2020-01-24T17:36:56 EST">
      <class name="restassuredTest.Demo1_GET_Request">
        <test-method status="PASS" signature="getWeatherDetails()[pri:0, instance:restassuredTest.Demo1_GET_Request@131276c2]" name="getWeatherDetails" duration-ms="2185" started-at="2020-01-24T17:36:54 EST" finished-at="2020-01-24T17:36:56 EST">
          <reporter-output>
          </reporter-output>
        </test-method> <!-- getWeatherDetails -->
      </class> <!-- restassuredTest.Demo1_GET_Request -->
    </test> <!-- Default test -->
  </suite> <!-- Default suite -->
</testng-results>
